# JRE version: OpenJDK Runtime Environment (11.0.15) (build 11.0.15+0-b2043.56-8887301)
# Java VM: OpenJDK 64-Bit Server VM (11.0.15+0-b2043.56-8887301, mixed mode, tiered, compressed oops, g1 gc, windows-amd64)
Heap:
 garbage-first heap   total 314368K, used 110047K [0x0000000080000000, 0x0000000100000000)
  region size 1024K, 19 young (19456K), 11 survivors (11264K)
 Metaspace       used 156868K, capacity 162324K, committed 164124K, reserved 1191936K
  class space    used 19137K, capacity 21124K, committed 21612K, reserved 1048576K
GC Heap History (20 events):
Event: 1755.823 GC heap before
{Heap before GC invocations=79 (full 0):
 garbage-first heap   total 422912K, used 150702K [0x0000000080000000, 0x0000000100000000)
  region size 1024K, 20 young (20480K), 13 survivors (13312K)
 Metaspace       used 155720K, capacity 160965K, committed 161180K, reserved 1189888K
  class space    used 19121K, capacity 21126K, committed 21228K, reserved 1048576K
}
Event: 1755.836 GC heap after
{Heap after GC invocations=80 (full 0):
 garbage-first heap   total 422912K, used 144950K [0x0000000080000000, 0x0000000100000000)
  region size 1024K, 2 young (2048K), 2 survivors (2048K)
 Metaspace       used 155720K, capacity 160965K, committed 161180K, reserved 1189888K
  class space    used 19121K, capacity 21126K, committed 21228K, reserved 1048576K
}
Event: 1757.083 GC heap before
{Heap before GC invocations=80 (full 0):
 garbage-first heap   total 422912K, used 160310K [0x0000000080000000, 0x0000000100000000)
  region size 1024K, 19 young (19456K), 2 survivors (2048K)
 Metaspace       used 155736K, capacity 161032K, committed 161180K, reserved 1189888K
  class space    used 19121K, capacity 21126K, committed 21228K, reserved 1048576K
}
Event: 1757.091 GC heap after
{Heap after GC invocations=81 (full 0):
 garbage-first heap   total 422912K, used 144893K [0x0000000080000000, 0x0000000100000000)
  region size 1024K, 2 young (2048K), 2 survivors (2048K)
 Metaspace       used 155736K, capacity 161032K, committed 161180K, reserved 1189888K
  class space    used 19121K, capacity 21126K, committed 21228K, reserved 1048576K
}
Event: 1943.969 GC heap before
{Heap before GC invocations=82 (full 0):
 garbage-first heap   total 422912K, used 303613K [0x0000000080000000, 0x0000000100000000)
  region size 1024K, 145 young (148480K), 2 survivors (2048K)
 Metaspace       used 155962K, capacity 161236K, committed 161436K, reserved 1189888K
  class space    used 19130K, capacity 21143K, committed 21228K, reserved 1048576K
}
Event: 1943.980 GC heap after
{Heap after GC invocations=83 (full 0):
 garbage-first heap   total 422912K, used 151608K [0x0000000080000000, 0x0000000100000000)
  region size 1024K, 9 young (9216K), 9 survivors (9216K)
 Metaspace       used 155962K, capacity 161236K, committed 161436K, reserved 1189888K
  class space    used 19130K, capacity 21143K, committed 21228K, reserved 1048576K
}
Event: 1944.155 GC heap before
{Heap before GC invocations=83 (full 0):
 garbage-first heap   total 422912K, used 161848K [0x0000000080000000, 0x0000000100000000)
  region size 1024K, 20 young (20480K), 9 survivors (9216K)
 Metaspace       used 155989K, capacity 161265K, committed 161436K, reserved 1189888K
  class space    used 19134K, capacity 21151K, committed 21228K, reserved 1048576K
}
Event: 1944.169 GC heap after
{Heap after GC invocations=84 (full 0):
 garbage-first heap   total 422912K, used 146352K [0x0000000080000000, 0x0000000100000000)
  region size 1024K, 2 young (2048K), 2 survivors (2048K)
 Metaspace       used 155989K, capacity 161265K, committed 161436K, reserved 1189888K
  class space    used 19134K, capacity 21151K, committed 21228K, reserved 1048576K
}
Event: 1945.300 GC heap before
{Heap before GC invocations=84 (full 0):
 garbage-first heap   total 422912K, used 160688K [0x0000000080000000, 0x0000000100000000)
  region size 1024K, 18 young (18432K), 2 survivors (2048K)
 Metaspace       used 156035K, capacity 161342K, committed 161436K, reserved 1189888K
  class space    used 19137K, capacity 21155K, committed 21228K, reserved 1048576K
}
Event: 1945.307 GC heap after
{Heap after GC invocations=85 (full 0):
 garbage-first heap   total 422912K, used 146371K [0x0000000080000000, 0x0000000100000000)
  region size 1024K, 2 young (2048K), 2 survivors (2048K)
 Metaspace       used 156035K, capacity 161342K, committed 161436K, reserved 1189888K
  class space    used 19137K, capacity 21155K, committed 21228K, reserved 1048576K
}
Event: 4090.165 GC heap before
{Heap before GC invocations=86 (full 0):
 garbage-first heap   total 422912K, used 314307K [0x0000000080000000, 0x0000000100000000)
  region size 1024K, 159 young (162816K), 2 survivors (2048K)
 Metaspace       used 157551K, capacity 163561K, committed 163868K, reserved 1191936K
  class space    used 19340K, capacity 21519K, committed 21612K, reserved 1048576K
}
Event: 4090.176 GC heap after
{Heap after GC invocations=87 (full 0):
 garbage-first heap   total 422912K, used 148988K [0x0000000080000000, 0x0000000100000000)
  region size 1024K, 7 young (7168K), 7 survivors (7168K)
 Metaspace       used 157551K, capacity 163561K, committed 163868K, reserved 1191936K
  class space    used 19340K, capacity 21519K, committed 21612K, reserved 1048576K
}
Event: 4090.392 GC heap before
{Heap before GC invocations=87 (full 0):
 garbage-first heap   total 422912K, used 162300K [0x0000000080000000, 0x0000000100000000)
  region size 1024K, 20 young (20480K), 7 survivors (7168K)
 Metaspace       used 157562K, capacity 163561K, committed 163868K, reserved 1191936K
  class space    used 19340K, capacity 21519K, committed 21612K, reserved 1048576K
}
Event: 4090.438 GC heap after
{Heap after GC invocations=88 (full 0):
 garbage-first heap   total 422912K, used 135461K [0x0000000080000000, 0x0000000100000000)
  region size 1024K, 3 young (3072K), 3 survivors (3072K)
 Metaspace       used 157562K, capacity 163561K, committed 163868K, reserved 1191936K
  class space    used 19340K, capacity 21519K, committed 21612K, reserved 1048576K
}
Event: 4092.234 GC heap before
{Heap before GC invocations=88 (full 0):
 garbage-first heap   total 422912K, used 168229K [0x0000000080000000, 0x0000000100000000)
  region size 1024K, 36 young (36864K), 3 survivors (3072K)
 Metaspace       used 157756K, capacity 163823K, committed 164124K, reserved 1191936K
  class space    used 19364K, capacity 21554K, committed 21612K, reserved 1048576K
}
Event: 4092.246 GC heap after
{Heap after GC invocations=89 (full 0):
 garbage-first heap   total 422912K, used 137398K [0x0000000080000000, 0x0000000100000000)
  region size 1024K, 5 young (5120K), 5 survivors (5120K)
 Metaspace       used 157756K, capacity 163823K, committed 164124K, reserved 1191936K
  class space    used 19364K, capacity 21554K, committed 21612K, reserved 1048576K
}
Event: 7692.253 GC heap before
{Heap before GC invocations=90 (full 0):
 garbage-first heap   total 422912K, used 302262K [0x0000000080000000, 0x0000000100000000)
  region size 1024K, 155 young (158720K), 5 survivors (5120K)
 Metaspace       used 157172K, capacity 162781K, committed 164124K, reserved 1191936K
  class space    used 19207K, capacity 21255K, committed 21612K, reserved 1048576K
}
Event: 7692.422 GC heap after
{Heap after GC invocations=91 (full 1):
 garbage-first heap   total 314368K, used 91615K [0x0000000080000000, 0x0000000100000000)
  region size 1024K, 0 young (0K), 0 survivors (0K)
 Metaspace       used 156635K, capacity 161961K, committed 164124K, reserved 1191936K
  class space    used 19111K, capacity 21078K, committed 21612K, reserved 1048576K
}
Event: 8246.484 GC heap before
{Heap before GC invocations=91 (full 1):
 garbage-first heap   total 314368K, used 234975K [0x0000000080000000, 0x0000000100000000)
  region size 1024K, 141 young (144384K), 0 survivors (0K)
 Metaspace       used 156856K, capacity 162322K, committed 164124K, reserved 1191936K
  class space    used 19137K, capacity 21124K, committed 21612K, reserved 1048576K
}
Event: 8246.508 GC heap after
{Heap after GC invocations=92 (full 1):
 garbage-first heap   total 314368K, used 102879K [0x0000000080000000, 0x0000000100000000)
  region size 1024K, 11 young (11264K), 11 survivors (11264K)
 Metaspace       used 156856K, capacity 162322K, committed 164124K, reserved 1191936K
  class space    used 19137K, capacity 21124K, committed 21612K, reserved 1048576K
}

