# JRE version: OpenJDK Runtime Environment (11.0.15) (build 11.0.15+0-b2043.56-8887301)
# Java VM: OpenJDK 64-Bit Server VM (11.0.15+0-b2043.56-8887301, mixed mode, tiered, compressed oops, g1 gc, windows-amd64)
Heap:
 garbage-first heap   total 287744K, used 247041K [0x0000000080000000, 0x0000000100000000)
  region size 1024K, 12 young (12288K), 2 survivors (2048K)
 Metaspace       used 133649K, capacity 136826K, committed 137340K, reserved 1169408K
  class space    used 16271K, capacity 17416K, committed 17612K, reserved 1048576K
GC Heap History (20 events):
Event: 9584.184 GC heap before
{Heap before GC invocations=121 (full 0):
 garbage-first heap   total 287744K, used 233837K [0x0000000080000000, 0x0000000100000000)
  region size 1024K, 51 young (52224K), 6 survivors (6144K)
 Metaspace       used 128612K, capacity 131487K, committed 133116K, reserved 1165312K
  class space    used 15669K, capacity 16728K, committed 17228K, reserved 1048576K
}
Event: 9584.214 GC heap after
{Heap after GC invocations=122 (full 0):
 garbage-first heap   total 287744K, used 193346K [0x0000000080000000, 0x0000000100000000)
  region size 1024K, 7 young (7168K), 7 survivors (7168K)
 Metaspace       used 128612K, capacity 131487K, committed 133116K, reserved 1165312K
  class space    used 15669K, capacity 16728K, committed 17228K, reserved 1048576K
}
Event: 9584.506 GC heap before
{Heap before GC invocations=123 (full 0):
 garbage-first heap   total 287744K, used 237378K [0x0000000080000000, 0x0000000100000000)
  region size 1024K, 50 young (51200K), 7 survivors (7168K)
 Metaspace       used 128964K, capacity 131848K, committed 133372K, reserved 1165312K
  class space    used 15711K, capacity 16781K, committed 17228K, reserved 1048576K
}
Event: 9584.521 GC heap after
{Heap after GC invocations=124 (full 0):
 garbage-first heap   total 287744K, used 199314K [0x0000000080000000, 0x0000000100000000)
  region size 1024K, 6 young (6144K), 6 survivors (6144K)
 Metaspace       used 128964K, capacity 131848K, committed 133372K, reserved 1165312K
  class space    used 15711K, capacity 16781K, committed 17228K, reserved 1048576K
}
Event: 9584.803 GC heap before
{Heap before GC invocations=124 (full 0):
 garbage-first heap   total 287744K, used 207506K [0x0000000080000000, 0x0000000100000000)
  region size 1024K, 14 young (14336K), 6 survivors (6144K)
 Metaspace       used 128993K, capacity 131848K, committed 133372K, reserved 1165312K
  class space    used 15713K, capacity 16781K, committed 17228K, reserved 1048576K
}
Event: 9584.819 GC heap after
{Heap after GC invocations=125 (full 0):
 garbage-first heap   total 287744K, used 200105K [0x0000000080000000, 0x0000000100000000)
  region size 1024K, 2 young (2048K), 2 survivors (2048K)
 Metaspace       used 128993K, capacity 131848K, committed 133372K, reserved 1165312K
  class space    used 15713K, capacity 16781K, committed 17228K, reserved 1048576K
}
Event: 9585.432 GC heap before
{Heap before GC invocations=125 (full 0):
 garbage-first heap   total 287744K, used 239017K [0x0000000080000000, 0x0000000100000000)
  region size 1024K, 41 young (41984K), 2 survivors (2048K)
 Metaspace       used 130058K, capacity 133048K, committed 134012K, reserved 1165312K
  class space    used 15887K, capacity 16984K, committed 17356K, reserved 1048576K
}
Event: 9585.443 GC heap after
{Heap after GC invocations=126 (full 0):
 garbage-first heap   total 287744K, used 203387K [0x0000000080000000, 0x0000000100000000)
  region size 1024K, 5 young (5120K), 5 survivors (5120K)
 Metaspace       used 130058K, capacity 133048K, committed 134012K, reserved 1165312K
  class space    used 15887K, capacity 16984K, committed 17356K, reserved 1048576K
}
Event: 9586.190 GC heap before
{Heap before GC invocations=127 (full 0):
 garbage-first heap   total 287744K, used 241275K [0x0000000080000000, 0x0000000100000000)
  region size 1024K, 43 young (44032K), 5 survivors (5120K)
 Metaspace       used 130587K, capacity 133660K, committed 134524K, reserved 1167360K
  class space    used 15968K, capacity 17093K, committed 17356K, reserved 1048576K
}
Event: 9586.199 GC heap after
{Heap after GC invocations=128 (full 0):
 garbage-first heap   total 287744K, used 204826K [0x0000000080000000, 0x0000000100000000)
  region size 1024K, 2 young (2048K), 2 survivors (2048K)
 Metaspace       used 130587K, capacity 133660K, committed 134524K, reserved 1167360K
  class space    used 15968K, capacity 17093K, committed 17356K, reserved 1048576K
}
Event: 9586.453 GC heap before
{Heap before GC invocations=128 (full 0):
 garbage-first heap   total 287744K, used 217114K [0x0000000080000000, 0x0000000100000000)
  region size 1024K, 14 young (14336K), 2 survivors (2048K)
 Metaspace       used 132390K, capacity 135555K, committed 136188K, reserved 1167360K
  class space    used 16180K, capacity 17301K, committed 17484K, reserved 1048576K
}
Event: 9586.463 GC heap after
{Heap after GC invocations=129 (full 0):
 garbage-first heap   total 287744K, used 204549K [0x0000000080000000, 0x0000000100000000)
  region size 1024K, 1 young (1024K), 1 survivors (1024K)
 Metaspace       used 132390K, capacity 135555K, committed 136188K, reserved 1167360K
  class space    used 16180K, capacity 17301K, committed 17484K, reserved 1048576K
}
Event: 9587.711 GC heap before
{Heap before GC invocations=129 (full 0):
 garbage-first heap   total 287744K, used 242437K [0x0000000080000000, 0x0000000100000000)
  region size 1024K, 40 young (40960K), 1 survivors (1024K)
 Metaspace       used 133079K, capacity 136171K, committed 136828K, reserved 1169408K
  class space    used 16228K, capacity 17371K, committed 17612K, reserved 1048576K
}
Event: 9587.723 GC heap after
{Heap after GC invocations=130 (full 0):
 garbage-first heap   total 287744K, used 212375K [0x0000000080000000, 0x0000000100000000)
  region size 1024K, 5 young (5120K), 5 survivors (5120K)
 Metaspace       used 133079K, capacity 136171K, committed 136828K, reserved 1169408K
  class space    used 16228K, capacity 17371K, committed 17612K, reserved 1048576K
}
Event: 9588.681 GC heap before
{Heap before GC invocations=131 (full 0):
 garbage-first heap   total 287744K, used 253335K [0x0000000080000000, 0x0000000100000000)
  region size 1024K, 36 young (36864K), 5 survivors (5120K)
 Metaspace       used 133260K, capacity 136363K, committed 137084K, reserved 1169408K
  class space    used 16235K, capacity 17371K, committed 17612K, reserved 1048576K
}
Event: 9588.701 GC heap after
{Heap after GC invocations=132 (full 0):
 garbage-first heap   total 287744K, used 227966K [0x0000000080000000, 0x0000000100000000)
  region size 1024K, 5 young (5120K), 5 survivors (5120K)
 Metaspace       used 133260K, capacity 136363K, committed 137084K, reserved 1169408K
  class space    used 16235K, capacity 17371K, committed 17612K, reserved 1048576K
}
Event: 9588.999 GC heap before
{Heap before GC invocations=132 (full 0):
 garbage-first heap   total 287744K, used 237182K [0x0000000080000000, 0x0000000100000000)
  region size 1024K, 14 young (14336K), 5 survivors (5120K)
 Metaspace       used 133515K, capacity 136623K, committed 137340K, reserved 1169408K
  class space    used 16256K, capacity 17371K, committed 17612K, reserved 1048576K
}
Event: 9589.009 GC heap after
{Heap after GC invocations=133 (full 0):
 garbage-first heap   total 287744K, used 230864K [0x0000000080000000, 0x0000000100000000)
  region size 1024K, 2 young (2048K), 2 survivors (2048K)
 Metaspace       used 133515K, capacity 136623K, committed 137340K, reserved 1169408K
  class space    used 16256K, capacity 17371K, committed 17612K, reserved 1048576K
}
Event: 9589.024 GC heap before
{Heap before GC invocations=133 (full 0):
 garbage-first heap   total 287744K, used 230864K [0x0000000080000000, 0x0000000100000000)
  region size 1024K, 3 young (3072K), 2 survivors (2048K)
 Metaspace       used 133515K, capacity 136623K, committed 137340K, reserved 1169408K
  class space    used 16256K, capacity 17371K, committed 17612K, reserved 1048576K
}
Event: 9589.030 GC heap after
{Heap after GC invocations=134 (full 0):
 garbage-first heap   total 287744K, used 230657K [0x0000000080000000, 0x0000000100000000)
  region size 1024K, 2 young (2048K), 2 survivors (2048K)
 Metaspace       used 133515K, capacity 136623K, committed 137340K, reserved 1169408K
  class space    used 16256K, capacity 17371K, committed 17612K, reserved 1048576K
}

